

times in msec
 clock   self+sourced   self:  sourced script
 clock   elapsed:              other lines

000.015  000.015: --- NVIM STARTING ---
000.054  000.039: event init
000.128  000.074: early init
012.421  012.293: locale set
012.471  000.050: init first window
012.906  000.435: inits 1
012.944  000.038: window checked
012.954  000.010: parsing arguments
013.938  000.307  000.307: require('vim.shared')
014.603  000.259  000.259: require('vim._options')
014.609  000.662  000.404: require('vim._editor')
014.613  001.078  000.108: require('vim._init_packages')
014.622  000.590: init lua interpreter
014.809  000.187: expanding arguments
014.841  000.032: inits 2
015.385  000.544: init highlight
015.389  000.003: waiting for UI
015.645  000.256: done waiting for UI
015.659  000.014: clear screen
015.891  000.232: init default mappings & autocommands
016.908  000.095  000.095: sourcing C:\tools\neovim\nvim-win64\share\nvim\runtime\ftplugin.vim
017.148  000.054  000.054: sourcing C:\tools\neovim\nvim-win64\share\nvim\runtime\indent.vim
018.451  000.890  000.890: require('lazy')
018.504  000.026  000.026: require('ffi')
018.768  000.257  000.257: require('vim.loader')
019.030  000.172  000.172: require('vim.fs')
019.231  000.386  000.214: require('lazy.stats')
019.578  000.184  000.184: require('lazy.core.util')
019.736  000.151  000.151: require('lazy.core.config')
020.045  000.159  000.159: require('lazy.core.handler')
020.222  000.170  000.170: require('lazy.core.plugin')
020.237  000.495  000.166: require('lazy.core.loader')
020.769  000.180  000.180: require('lazy.core.handler.keys')
021.091  000.121  000.121: require('lazy.core.handler.event')
021.098  000.320  000.199: require('lazy.core.handler.ft')
021.223  000.119  000.119: require('lazy.core.handler.cmd')
021.458  000.201  000.201: require('vim.inspect')
022.324  000.683  000.683: sourcing C:\tools\neovim\nvim-win64\share\nvim\runtime/filetype.lua
023.078  000.033  000.033: sourcing C:/Users/Vaqxai/AppData/Local/nvim-data/lazy/which-key.nvim/plugin/which-key.vim
023.469  000.112  000.112: sourcing C:\tools\neovim\nvim-win64\share\nvim\runtime/plugin/editorconfig.lua
023.984  000.362  000.362: sourcing C:\tools\neovim\nvim-win64\share\nvim\runtime/plugin/gzip.vim
024.174  000.029  000.029: sourcing C:\tools\neovim\nvim-win64\share\nvim\runtime/plugin/health.vim
024.492  000.167  000.167: sourcing C:\tools\neovim\nvim-win64\share\nvim\runtime/plugin/man.lua
026.036  000.395  000.395: sourcing C:\tools\neovim\nvim-win64\share\nvim\runtime\pack\dist\opt\matchit\plugin\matchit.vim
026.235  001.580  001.185: sourcing C:\tools\neovim\nvim-win64\share\nvim\runtime/plugin/matchit.vim
026.627  000.230  000.230: sourcing C:\tools\neovim\nvim-win64\share\nvim\runtime/plugin/matchparen.vim
027.406  000.616  000.616: sourcing C:\tools\neovim\nvim-win64\share\nvim\runtime/plugin/netrwPlugin.vim
027.727  000.143  000.143: sourcing C:\tools\neovim\nvim-win64\share\nvim\runtime/plugin/nvim.lua
028.279  000.371  000.371: sourcing C:\tools\neovim\nvim-win64\share\nvim\runtime/plugin/rplugin.vim
028.561  000.098  000.098: sourcing C:\tools\neovim\nvim-win64\share\nvim\runtime/plugin/shada.vim
028.775  000.041  000.041: sourcing C:\tools\neovim\nvim-win64\share\nvim\runtime/plugin/spellfile.vim
029.109  000.168  000.168: sourcing C:\tools\neovim\nvim-win64\share\nvim\runtime/plugin/tarPlugin.vim
029.442  000.158  000.158: sourcing C:\tools\neovim\nvim-win64\share\nvim\runtime/plugin/tohtml.vim
029.647  000.040  000.040: sourcing C:\tools\neovim\nvim-win64\share\nvim\runtime/plugin/tutor.vim
030.031  000.210  000.210: sourcing C:\tools\neovim\nvim-win64\share\nvim\runtime/plugin/zipPlugin.vim
030.441  000.009  000.009: sourcing C:\Users\Vaqxai\AppData\Local\nvim/vimrc.vim
032.874  002.211  002.211: sourcing C:\Users\Vaqxai\AppData\Local\nvim/autoload/plug.vim
032.890  015.505  005.032: sourcing C:\Users\Vaqxai\AppData\Local\nvim\init.lua
032.920  001.375: sourcing vimrc file(s)
033.758  000.102  000.102: sourcing C:\tools\neovim\nvim-win64\share\nvim\runtime\filetype.lua
034.353  000.109  000.109: sourcing C:\tools\neovim\nvim-win64\share\nvim\runtime\syntax\synload.vim
034.588  000.614  000.505: sourcing C:\tools\neovim\nvim-win64\share\nvim\runtime\syntax\syntax.vim
034.627  000.991: inits 3
036.548  001.921: reading ShaDa
036.777  000.229: opening buffers
036.820  000.043: BufEnter autocommands
036.825  000.005: editing files in windows
036.972  000.147: VimEnter autocommands
037.029  000.057: UIEnter autocommands
037.995  000.966: before starting main loop
038.697  000.703: first screen update
038.701  000.003: --- NVIM STARTED ---


times in msec
 clock   self+sourced   self:  sourced script
 clock   elapsed:              other lines

000.018  000.018: --- NVIM STARTING ---
000.068  000.050: event init
000.172  000.104: early init
012.517  012.346: locale set
012.600  000.083: init first window
013.188  000.587: inits 1
013.252  000.065: window checked
013.260  000.007: parsing arguments
014.221  000.293  000.293: require('vim.shared')
014.901  000.268  000.268: require('vim._options')
014.907  000.679  000.411: require('vim._editor')
014.911  001.083  000.111: require('vim._init_packages')
014.920  000.578: init lua interpreter
017.707  002.788: expanding arguments
017.748  000.041: inits 2
018.295  000.547: init highlight
